
Loading: E:\Programming\STIKA\Unity\1S3B\program\1S3B\RawData\Item_Data.xlsx
Parse sheet: Sheet1
Parsing: E:\Programming\STIKA\Unity\1S3B\program\1S3B\RawData\Item_Data.xlsx.$$$\Sheet1.csv
Closing: E:\Programming\STIKA\Unity\1S3B\program\1S3B\RawData\Item_Data.xlsx
------------------------------------------------------------------------------
[Item_Data.xlsx(Sheet1): ROW 1]
Found object mark: '#ItemData[{}]'
[Item_Data.xlsx(Sheet1): ROW 1]
 Key: ID at 1
[Item_Data.xlsx(Sheet1): ROW 1]
 Key: Name at 2
[Item_Data.xlsx(Sheet1): ROW 1]
 Key: Description at 3
[Item_Data.xlsx(Sheet1): ROW 1]
 Key: Type at 4
[Item_Data.xlsx(Sheet1): ROW 1]
 Key: Season at 5
[Item_Data.xlsx(Sheet1): ROW 1]
 Key: SellGold at 6
[Item_Data.xlsx(Sheet1): ROW 1]
 Key: BuyGold at 7
[Item_Data.xlsx(Sheet1): ROW 1]
 Key: Stack at 8
[Item_Data.xlsx(Sheet1): ROW 1]
 Key: SpritePath at 9
Parsing Array Object Table...

Loading: E:\Programming\STIKA\Unity\1S3B\program\1S3B\RawData\Plants_Data.xlsx
Parse sheet: Sheet1
Parsing: E:\Programming\STIKA\Unity\1S3B\program\1S3B\RawData\Plants_Data.xlsx.$$$\Sheet1.csv
Closing: E:\Programming\STIKA\Unity\1S3B\program\1S3B\RawData\Plants_Data.xlsx
------------------------------------------------------------------------------
[Plants_Data.xlsx(Sheet1): ROW 1]
Found object mark: '#PlantsData[{}]'
[Plants_Data.xlsx(Sheet1): ROW 1]
 Key: ID at 1
[Plants_Data.xlsx(Sheet1): ROW 1]
 Key: Name at 2
[Plants_Data.xlsx(Sheet1): ROW 1]
 Key: GrowthTime at 3
[Plants_Data.xlsx(Sheet1): ROW 1]
 Key: GrowthStage at 4
[Plants_Data.xlsx(Sheet1): ROW 1]
 Key: NumberOfHarvest at 5
[Plants_Data.xlsx(Sheet1): ROW 1]
 Key: ProductPerHarvest at 6
[Plants_Data.xlsx(Sheet1): ROW 1]
 Key: StageAfterHarvest at 7
[Plants_Data.xlsx(Sheet1): ROW 1]
 Key: DeathTimer at 8
[Plants_Data.xlsx(Sheet1): ROW 1]
 Key: SpritePath at 9
Parsing Array Object Table...
